2025-04-17 20:57:55 info: Server running on port 3001
2025-04-17 21:03:15 error: Error: Authentication failed. Please log in again.
2025-04-17 21:11:51 info: Server running on port 3001
2025-04-17 21:30:45 error: Registration error: 
Invalid `prisma.user.findUnique()` invocation in
C:\Users\Somna\Desktop\saas-pricing-engine (1)\server\src\controllers\auth.controller.ts:35:44

  32 const { name, email, password } = req.body
  33 
  34 // Check if user already exists
→ 35 const existingUser = await prisma.user.findUnique(
Authentication failed against database server at `db.ifwcycypgwctlakvdpsn.supabase.co`, the provided database credentials for `postgres` are not valid.

Please make sure to provide valid database credentials for the database server at `db.ifwcycypgwctlakvdpsn.supabase.co`.
2025-04-17 21:30:45 error: PrismaClientInitializationError: 
Invalid `prisma.user.findUnique()` invocation in
C:\Users\Somna\Desktop\saas-pricing-engine (1)\server\src\controllers\auth.controller.ts:35:44

  32 const { name, email, password } = req.body
  33 
  34 // Check if user already exists
→ 35 const existingUser = await prisma.user.findUnique(
Authentication failed against database server at `db.ifwcycypgwctlakvdpsn.supabase.co`, the provided database credentials for `postgres` are not valid.

Please make sure to provide valid database credentials for the database server at `db.ifwcycypgwctlakvdpsn.supabase.co`.
2025-04-17 21:39:43 info: Server running on port 3001
2025-04-18 00:05:17 info: Server running on port 3001
2025-04-18 00:16:03 info: Server running on port 3001
2025-04-18 01:17:20 info: Server running on port 3001
2025-04-18 01:18:10 info: Server running on port 3001
2025-04-18 01:21:55 info: Server running on port 3001
2025-04-18 01:24:11 info: Server running on port 3001
2025-04-18 01:26:34 error: Error: Saved comparison not found
2025-04-18 01:26:35 error: Error: Saved comparison not found
